This file contains any messages produced by compilers while
running configure, to aid debugging if configure makes a mistake.

It was created by libusbx configure 1.0.17, which was
generated by GNU Autoconf 2.69.  Invocation command line was

  $ ./configure 

## --------- ##
## Platform. ##
## --------- ##

hostname = QUASAR
uname -m = x86_64
uname -r = 3.13.0-52-generic
uname -s = Linux
uname -v = #86-Ubuntu SMP Mon May 4 04:32:59 UTC 2015

/usr/bin/uname -p = unknown
/bin/uname -X     = unknown

/bin/arch              = unknown
/usr/bin/arch -k       = unknown
/usr/convex/getsysinfo = unknown
/usr/bin/hostinfo      = unknown
/bin/machine           = unknown
/usr/bin/oslevel       = unknown
/bin/universe          = unknown

PATH: /usr/local/heroku/bin
PATH: /home/paul/.rbenv/shims
PATH: /home/paul/.rbenv/bin
PATH: /home/paul/.rbenv/plugins/ruby-build/bin
PATH: /home/paul/.rbenv/shims
PATH: /home/paul/.rbenv/bin
PATH: /home/paul/.rvm/gems/ruby-2.2.0/bin
PATH: /home/paul/.rvm/gems/ruby-2.2.0@global/bin
PATH: /home/paul/.rvm/rubies/ruby-2.2.0/bin
PATH: /usr/local/sbin
PATH: /usr/local/bin
PATH: /usr/sbin
PATH: /usr/bin
PATH: /sbin
PATH: /bin
PATH: /usr/games
PATH: /usr/local/games
PATH: /usr/lib/jvm/java-8-oracle/bin
PATH: /usr/lib/jvm/java-8-oracle/db/bin
PATH: /usr/lib/jvm/java-8-oracle/jre/bin
PATH: /home/paul/.rvm/bin
PATH: /usr/lib/jvm/jdk1.8.0_31/bin
PATH: /home/paul/.rvm/bin


## ----------- ##
## Core tests. ##
## ----------- ##

configure:2416: checking for a BSD-compatible install
configure:2484: result: /usr/bin/install -c
configure:2495: checking whether build environment is sane
configure:2550: result: yes
configure:2701: checking for a thread-safe mkdir -p
configure:2740: result: /bin/mkdir -p
configure:2747: checking for gawk
configure:2763: found /usr/bin/gawk
configure:2774: result: gawk
configure:2785: checking whether make sets $(MAKE)
configure:2807: result: yes
configure:2836: checking whether make supports nested variables
configure:2853: result: yes
configure:2938: checking whether to enable maintainer-specific portions of Makefiles
configure:2947: result: no
configure:2976: checking whether make supports nested variables
configure:2993: result: yes
configure:3054: checking for gcc
configure:3070: found /usr/bin/gcc
configure:3081: result: gcc
configure:3310: checking for C compiler version
configure:3319: gcc --version >&5
gcc (Ubuntu 4.8.2-19ubuntu1) 4.8.2
Copyright (C) 2013 Free Software Foundation, Inc.
This is free software; see the source for copying conditions.  There is NO
warranty; not even for MERCHANTABILITY or FITNESS FOR A PARTICULAR PURPOSE.

configure:3330: $? = 0
configure:3319: gcc -v >&5
Using built-in specs.
COLLECT_GCC=gcc
COLLECT_LTO_WRAPPER=/usr/lib/gcc/x86_64-linux-gnu/4.8/lto-wrapper
Target: x86_64-linux-gnu
Configured with: ../src/configure -v --with-pkgversion='Ubuntu 4.8.2-19ubuntu1' --with-bugurl=file:///usr/share/doc/gcc-4.8/README.Bugs --enable-languages=c,c++,java,go,d,fortran,objc,obj-c++ --prefix=/usr --program-suffix=-4.8 --enable-shared --enable-linker-build-id --libexecdir=/usr/lib --without-included-gettext --enable-threads=posix --with-gxx-include-dir=/usr/include/c++/4.8 --libdir=/usr/lib --enable-nls --with-sysroot=/ --enable-clocale=gnu --enable-libstdcxx-debug --enable-libstdcxx-time=yes --enable-gnu-unique-object --disable-libmudflap --enable-plugin --with-system-zlib --disable-browser-plugin --enable-java-awt=gtk --enable-gtk-cairo --with-java-home=/usr/lib/jvm/java-1.5.0-gcj-4.8-amd64/jre --enable-java-home --with-jvm-root-dir=/usr/lib/jvm/java-1.5.0-gcj-4.8-amd64 --with-jvm-jar-dir=/usr/lib/jvm-exports/java-1.5.0-gcj-4.8-amd64 --with-arch-directory=amd64 --with-ecj-jar=/usr/share/java/eclipse-ecj.jar --enable-objc-gc --enable-multiarch --disable-werror --with-arch-32=i686 --with-abi=m64 --with-multilib-list=m32,m64,mx32 --with-tune=generic --enable-checking=release --build=x86_64-linux-gnu --host=x86_64-linux-gnu --target=x86_64-linux-gnu
Thread model: posix
gcc version 4.8.2 (Ubuntu 4.8.2-19ubuntu1) 
configure:3330: $? = 0
configure:3319: gcc -V >&5
gcc: error: unrecognized command line option '-V'
gcc: fatal error: no input files
compilation terminated.
configure:3330: $? = 4
configure:3319: gcc -qversion >&5
gcc: error: unrecognized command line option '-qversion'
gcc: fatal error: no input files
compilation terminated.
configure:3330: $? = 4
configure:3350: checking whether the C compiler works
configure:3372: gcc    conftest.c  >&5
configure:3376: $? = 0
configure:3424: result: yes
configure:3427: checking for C compiler default output file name
configure:3429: result: a.out
configure:3435: checking for suffix of executables
configure:3442: gcc -o conftest    conftest.c  >&5
configure:3446: $? = 0
configure:3468: result: 
configure:3490: checking whether we are cross compiling
configure:3498: gcc -o conftest    conftest.c  >&5
configure:3502: $? = 0
configure:3509: ./conftest
configure:3513: $? = 0
configure:3528: result: no
configure:3533: checking for suffix of object files
configure:3555: gcc -c   conftest.c >&5
configure:3559: $? = 0
configure:3580: result: o
configure:3584: checking whether we are using the GNU C compiler
configure:3603: gcc -c   conftest.c >&5
configure:3603: $? = 0
configure:3612: result: yes
configure:3621: checking whether gcc accepts -g
configure:3641: gcc -c -g  conftest.c >&5
configure:3641: $? = 0
configure:3682: result: yes
configure:3699: checking for gcc option to accept ISO C89
configure:3762: gcc  -c -g -O2  conftest.c >&5
configure:3762: $? = 0
configure:3775: result: none needed
configure:3806: checking for style of include used by make
configure:3834: result: GNU
configure:3860: checking dependency style of gcc
configure:3971: result: gcc3
configure:4015: checking build system type
configure:4029: result: x86_64-unknown-linux-gnu
configure:4049: checking host system type
configure:4062: result: x86_64-unknown-linux-gnu
configure:4103: checking how to print strings
configure:4130: result: printf
configure:4151: checking for a sed that does not truncate output
configure:4215: result: /bin/sed
configure:4233: checking for grep that handles long lines and -e
configure:4291: result: /bin/grep
configure:4296: checking for egrep
configure:4358: result: /bin/grep -E
configure:4363: checking for fgrep
configure:4425: result: /bin/grep -F
configure:4460: checking for ld used by gcc
configure:4527: result: /usr/bin/ld
configure:4534: checking if the linker (/usr/bin/ld) is GNU ld
configure:4549: result: yes
configure:4561: checking for BSD- or MS-compatible name lister (nm)
configure:4610: result: /usr/bin/nm -B
configure:4740: checking the name lister (/usr/bin/nm -B) interface
configure:4747: gcc -c -g -O2  conftest.c >&5
configure:4750: /usr/bin/nm -B "conftest.o"
configure:4753: output
0000000000000000 B some_variable
configure:4760: result: BSD nm
configure:4763: checking whether ln -s works
configure:4767: result: yes
configure:4775: checking the maximum length of command line arguments
configure:4905: result: 1572864
configure:4922: checking whether the shell understands some XSI constructs
configure:4932: result: yes
configure:4936: checking whether the shell understands "+="
configure:4942: result: yes
configure:4977: checking how to convert x86_64-unknown-linux-gnu file names to x86_64-unknown-linux-gnu format
configure:5017: result: func_convert_file_noop
configure:5024: checking how to convert x86_64-unknown-linux-gnu file names to toolchain format
configure:5044: result: func_convert_file_noop
configure:5051: checking for /usr/bin/ld option to reload object files
configure:5058: result: -r
configure:5132: checking for objdump
configure:5148: found /usr/bin/objdump
configure:5159: result: objdump
configure:5191: checking how to recognize dependent libraries
configure:5393: result: pass_all
configure:5478: checking for dlltool
configure:5508: result: no
configure:5538: checking how to associate runtime and link libraries
configure:5565: result: printf %s\n
configure:5626: checking for ar
configure:5642: found /usr/bin/ar
configure:5653: result: ar
configure:5690: checking for archiver @FILE support
configure:5707: gcc -c -g -O2  conftest.c >&5
configure:5707: $? = 0
configure:5710: ar cru libconftest.a @conftest.lst >&5
configure:5713: $? = 0
configure:5718: ar cru libconftest.a @conftest.lst >&5
ar: conftest.o: No such file or directory
configure:5721: $? = 1
configure:5733: result: @
configure:5791: checking for strip
configure:5807: found /usr/bin/strip
configure:5818: result: strip
configure:5890: checking for ranlib
configure:5906: found /usr/bin/ranlib
configure:5917: result: ranlib
configure:6019: checking command to parse /usr/bin/nm -B output from gcc object
configure:6139: gcc -c -g -O2  conftest.c >&5
configure:6142: $? = 0
configure:6146: /usr/bin/nm -B conftest.o \| sed -n -e 's/^.*[ ]\([ABCDGIRSTW][ABCDGIRSTW]*\)[ ][ ]*\([_A-Za-z][_A-Za-z0-9]*\)$/\1 \2 \2/p' | sed '/ __gnu_lto/d' \> conftest.nm
configure:6149: $? = 0
configure:6215: gcc -o conftest -g -O2   conftest.c conftstm.o >&5
configure:6218: $? = 0
configure:6256: result: ok
configure:6293: checking for sysroot
configure:6323: result: no
configure:6400: gcc -c -g -O2  conftest.c >&5
configure:6403: $? = 0
configure:6579: checking for mt
configure:6595: found /bin/mt
configure:6606: result: mt
configure:6629: checking if mt is a manifest tool
configure:6635: mt '-?'
configure:6643: result: no
configure:7285: checking how to run the C preprocessor
configure:7316: gcc -E  conftest.c
configure:7316: $? = 0
configure:7330: gcc -E  conftest.c
conftest.c:11:28: fatal error: ac_nonexistent.h: No such file or directory
 #include <ac_nonexistent.h>
                            ^
compilation terminated.
configure:7330: $? = 1
configure: failed program was:
| /* confdefs.h */
| #define PACKAGE_NAME "libusbx"
| #define PACKAGE_TARNAME "libusbx"
| #define PACKAGE_VERSION "1.0.17"
| #define PACKAGE_STRING "libusbx 1.0.17"
| #define PACKAGE_BUGREPORT "libusbx-devel@lists.sourceforge.net"
| #define PACKAGE_URL "http://libusbx.org"
| #define PACKAGE "libusbx"
| #define VERSION "1.0.17"
| /* end confdefs.h.  */
| #include <ac_nonexistent.h>
configure:7355: result: gcc -E
configure:7375: gcc -E  conftest.c
configure:7375: $? = 0
configure:7389: gcc -E  conftest.c
conftest.c:11:28: fatal error: ac_nonexistent.h: No such file or directory
 #include <ac_nonexistent.h>
                            ^
compilation terminated.
configure:7389: $? = 1
configure: failed program was:
| /* confdefs.h */
| #define PACKAGE_NAME "libusbx"
| #define PACKAGE_TARNAME "libusbx"
| #define PACKAGE_VERSION "1.0.17"
| #define PACKAGE_STRING "libusbx 1.0.17"
| #define PACKAGE_BUGREPORT "libusbx-devel@lists.sourceforge.net"
| #define PACKAGE_URL "http://libusbx.org"
| #define PACKAGE "libusbx"
| #define VERSION "1.0.17"
| /* end confdefs.h.  */
| #include <ac_nonexistent.h>
configure:7418: checking for ANSI C header files
configure:7438: gcc -c -g -O2  conftest.c >&5
configure:7438: $? = 0
configure:7511: gcc -o conftest -g -O2   conftest.c  >&5
configure:7511: $? = 0
configure:7511: ./conftest
configure:7511: $? = 0
configure:7522: result: yes
configure:7535: checking for sys/types.h
configure:7535: gcc -c -g -O2  conftest.c >&5
configure:7535: $? = 0
configure:7535: result: yes
configure:7535: checking for sys/stat.h
configure:7535: gcc -c -g -O2  conftest.c >&5
configure:7535: $? = 0
configure:7535: result: yes
configure:7535: checking for stdlib.h
configure:7535: gcc -c -g -O2  conftest.c >&5
configure:7535: $? = 0
configure:7535: result: yes
configure:7535: checking for string.h
configure:7535: gcc -c -g -O2  conftest.c >&5
configure:7535: $? = 0
configure:7535: result: yes
configure:7535: checking for memory.h
configure:7535: gcc -c -g -O2  conftest.c >&5
configure:7535: $? = 0
configure:7535: result: yes
configure:7535: checking for strings.h
configure:7535: gcc -c -g -O2  conftest.c >&5
configure:7535: $? = 0
configure:7535: result: yes
configure:7535: checking for inttypes.h
configure:7535: gcc -c -g -O2  conftest.c >&5
configure:7535: $? = 0
configure:7535: result: yes
configure:7535: checking for stdint.h
configure:7535: gcc -c -g -O2  conftest.c >&5
configure:7535: $? = 0
configure:7535: result: yes
configure:7535: checking for unistd.h
configure:7535: gcc -c -g -O2  conftest.c >&5
configure:7535: $? = 0
configure:7535: result: yes
configure:7549: checking for dlfcn.h
configure:7549: gcc -c -g -O2  conftest.c >&5
configure:7549: $? = 0
configure:7549: result: yes
configure:7755: checking for objdir
configure:7770: result: .libs
configure:8041: checking if gcc supports -fno-rtti -fno-exceptions
configure:8059: gcc -c -g -O2  -fno-rtti -fno-exceptions conftest.c >&5
cc1: warning: command line option '-fno-rtti' is valid for C++/ObjC++ but not for C [enabled by default]
configure:8063: $? = 0
configure:8076: result: no
configure:8403: checking for gcc option to produce PIC
configure:8410: result: -fPIC -DPIC
configure:8418: checking if gcc PIC flag -fPIC -DPIC works
configure:8436: gcc -c -g -O2  -fPIC -DPIC -DPIC conftest.c >&5
configure:8440: $? = 0
configure:8453: result: yes
configure:8482: checking if gcc static flag -static works
configure:8510: result: yes
configure:8525: checking if gcc supports -c -o file.o
configure:8546: gcc -c -g -O2  -o out/conftest2.o conftest.c >&5
configure:8550: $? = 0
configure:8572: result: yes
configure:8580: checking if gcc supports -c -o file.o
configure:8627: result: yes
configure:8660: checking whether the gcc linker (/usr/bin/ld -m elf_x86_64) supports shared libraries
configure:9813: result: yes
configure:9850: checking whether -lc should be explicitly linked in
configure:9858: gcc -c -g -O2  conftest.c >&5
configure:9861: $? = 0
configure:9876: gcc -shared  -fPIC -DPIC conftest.o  -v -Wl,-soname -Wl,conftest -o conftest 2\>\&1 \| /bin/grep  -lc  \>/dev/null 2\>\&1
configure:9879: $? = 0
configure:9893: result: no
configure:10053: checking dynamic linker characteristics
configure:10564: gcc -o conftest -g -O2   -Wl,-rpath -Wl,/foo conftest.c  >&5
configure:10564: $? = 0
configure:10790: result: GNU/Linux ld.so
configure:10897: checking how to hardcode library paths into programs
configure:10922: result: immediate
configure:11462: checking whether stripping libraries is possible
configure:11467: result: yes
configure:11502: checking if libtool supports shared libraries
configure:11504: result: yes
configure:11507: checking whether to build shared libraries
configure:11528: result: yes
configure:11531: checking whether to build static libraries
configure:11535: result: yes
configure:11615: checking for windres
configure:11645: result: no
configure:11749: checking for inline
configure:11765: gcc -c -g -O2  conftest.c >&5
configure:11765: $? = 0
configure:11773: result: inline
configure:11792: checking whether gcc and cc understand -c and -o together
configure:11823: gcc -c conftest.c -o conftest2.o >&5
configure:11827: $? = 0
configure:11833: gcc -c conftest.c -o conftest2.o >&5
configure:11837: $? = 0
configure:11848: cc -c conftest.c >&5
configure:11852: $? = 0
configure:11860: cc -c conftest.c -o conftest2.o >&5
configure:11864: $? = 0
configure:11870: cc -c conftest.c -o conftest2.o >&5
configure:11874: $? = 0
configure:11892: result: yes
configure:11923: checking operating system
configure:11928: result: Linux
configure:11975: checking for library containing clock_gettime
configure:12006: gcc -o conftest -g -O2   conftest.c  >&5
configure:12006: $? = 0
configure:12023: result: none required
configure:12042: checking libudev.h usability
configure:12042: gcc -c -g -O2  conftest.c >&5
configure:12042: $? = 0
configure:12042: result: yes
configure:12042: checking libudev.h presence
configure:12042: gcc -E  conftest.c
configure:12042: $? = 0
configure:12042: result: yes
configure:12042: checking for libudev.h
configure:12042: result: yes
configure:12054: checking for udev_new in -ludev
configure:12079: gcc -o conftest -g -O2   conftest.c -ludev   >&5
configure:12079: $? = 0
configure:12088: result: yes
configure:12147: checking poll.h usability
configure:12147: gcc -c -g -O2  conftest.c >&5
configure:12147: $? = 0
configure:12147: result: yes
configure:12147: checking poll.h presence
configure:12147: gcc -E  conftest.c
configure:12147: $? = 0
configure:12147: result: yes
configure:12147: checking for poll.h
configure:12147: result: yes
configure:12325: checking sys/timerfd.h usability
configure:12325: gcc -c -g -O2  conftest.c >&5
configure:12325: $? = 0
configure:12325: result: yes
configure:12325: checking sys/timerfd.h presence
configure:12325: gcc -E  conftest.c
configure:12325: $? = 0
configure:12325: result: yes
configure:12325: checking for sys/timerfd.h
configure:12325: result: yes
configure:12345: checking whether TFD_NONBLOCK is declared
configure:12345: gcc -c -g -O2  conftest.c >&5
configure:12345: $? = 0
configure:12345: result: yes
configure:12357: checking whether to use timerfd for timing
configure:12364: result: yes
configure:12375: checking for struct timespec
configure:12375: gcc -c -g -O2  conftest.c >&5
configure:12375: $? = 0
configure:12375: gcc -c -g -O2  conftest.c >&5
conftest.c: In function 'main':
conftest.c:68:30: error: expected expression before ')' token
 if (sizeof ((struct timespec)))
                              ^
configure:12375: $? = 1
configure: failed program was:
| /* confdefs.h */
| #define PACKAGE_NAME "libusbx"
| #define PACKAGE_TARNAME "libusbx"
| #define PACKAGE_VERSION "1.0.17"
| #define PACKAGE_STRING "libusbx 1.0.17"
| #define PACKAGE_BUGREPORT "libusbx-devel@lists.sourceforge.net"
| #define PACKAGE_URL "http://libusbx.org"
| #define PACKAGE "libusbx"
| #define VERSION "1.0.17"
| #define STDC_HEADERS 1
| #define HAVE_SYS_TYPES_H 1
| #define HAVE_SYS_STAT_H 1
| #define HAVE_STDLIB_H 1
| #define HAVE_STRING_H 1
| #define HAVE_MEMORY_H 1
| #define HAVE_STRINGS_H 1
| #define HAVE_INTTYPES_H 1
| #define HAVE_STDINT_H 1
| #define HAVE_UNISTD_H 1
| #define HAVE_DLFCN_H 1
| #define LT_OBJDIR ".libs/"
| #define _GNU_SOURCE 1
| #define OS_LINUX 1
| #define HAVE_LIBUDEV_H 1
| #define HAVE_LIBUDEV 1
| #define USE_UDEV 1
| #define HAVE_POLL_H 1
| #define POLL_NFDS_TYPE nfds_t
| #define THREADS_POSIX 1
| #define USBI_TIMERFD_AVAILABLE 1
| /* end confdefs.h.  */
| #include <stdio.h>
| #ifdef HAVE_SYS_TYPES_H
| # include <sys/types.h>
| #endif
| #ifdef HAVE_SYS_STAT_H
| # include <sys/stat.h>
| #endif
| #ifdef STDC_HEADERS
| # include <stdlib.h>
| # include <stddef.h>
| #else
| # ifdef HAVE_STDLIB_H
| #  include <stdlib.h>
| # endif
| #endif
| #ifdef HAVE_STRING_H
| # if !defined STDC_HEADERS && defined HAVE_MEMORY_H
| #  include <memory.h>
| # endif
| # include <string.h>
| #endif
| #ifdef HAVE_STRINGS_H
| # include <strings.h>
| #endif
| #ifdef HAVE_INTTYPES_H
| # include <inttypes.h>
| #endif
| #ifdef HAVE_STDINT_H
| # include <stdint.h>
| #endif
| #ifdef HAVE_UNISTD_H
| # include <unistd.h>
| #endif
| int
| main ()
| {
| if (sizeof ((struct timespec)))
| 	    return 0;
|   ;
|   return 0;
| }
configure:12375: result: yes
configure:12429: checking syslog.h usability
configure:12429: gcc -c -g -O2  conftest.c >&5
configure:12429: $? = 0
configure:12429: result: yes
configure:12429: checking syslog.h presence
configure:12429: gcc -E  conftest.c
configure:12429: $? = 0
configure:12429: result: yes
configure:12429: checking for syslog.h
configure:12429: result: yes
configure:12439: checking for syslog
configure:12439: gcc -o conftest -g -O2   conftest.c -ludev  -pthread >&5
configure:12439: $? = 0
configure:12439: result: yes
configure:12501: gcc -c -g -O2 -Werror -fvisibility=hidden  conftest.c >&5
configure:12501: $? = 0
configure:12529: gcc -c -g -O2 -Wno-pointer-sign  conftest.c >&5
configure:12529: $? = 0
configure:12538: checking for sigaction
configure:12538: gcc -o conftest -g -O2   conftest.c -ludev  -pthread >&5
configure:12538: $? = 0
configure:12538: result: yes
configure:12557: checking sys/time.h usability
configure:12557: gcc -c -g -O2  conftest.c >&5
configure:12557: $? = 0
configure:12557: result: yes
configure:12557: checking sys/time.h presence
configure:12557: gcc -E  conftest.c
configure:12557: $? = 0
configure:12557: result: yes
configure:12557: checking for sys/time.h
configure:12557: result: yes
configure:12569: checking for gettimeofday
configure:12569: gcc -o conftest -g -O2   conftest.c -ludev  -pthread >&5
configure:12569: $? = 0
configure:12569: result: yes
configure:12580: checking signal.h usability
configure:12580: gcc -c -g -O2  conftest.c >&5
configure:12580: $? = 0
configure:12580: result: yes
configure:12580: checking signal.h presence
configure:12580: gcc -E  conftest.c
configure:12580: $? = 0
configure:12580: result: yes
configure:12580: checking for signal.h
configure:12580: result: yes
configure:12719: checking that generated files are newer than configure
configure:12725: result: done
configure:12796: creating ./config.status

## ---------------------- ##
## Running config.status. ##
## ---------------------- ##

This file was extended by libusbx config.status 1.0.17, which was
generated by GNU Autoconf 2.69.  Invocation command line was

  CONFIG_FILES    = 
  CONFIG_HEADERS  = 
  CONFIG_LINKS    = 
  CONFIG_COMMANDS = 
  $ ./config.status 

on QUASAR

config.status:1182: creating libusb-1.0.pc
config.status:1182: creating Makefile
config.status:1182: creating libusb/Makefile
config.status:1182: creating examples/Makefile
config.status:1182: creating tests/Makefile
config.status:1182: creating doc/Makefile
config.status:1182: creating doc/doxygen.cfg
config.status:1182: creating config.h
config.status:1363: config.h is unchanged
config.status:1411: executing depfiles commands
config.status:1411: executing libtool commands

## ---------------- ##
## Cache variables. ##
## ---------------- ##

ac_cv_build=x86_64-unknown-linux-gnu
ac_cv_c_compiler_gnu=yes
ac_cv_c_inline=inline
ac_cv_env_CC_set=
ac_cv_env_CC_value=
ac_cv_env_CFLAGS_set=
ac_cv_env_CFLAGS_value=
ac_cv_env_CPPFLAGS_set=
ac_cv_env_CPPFLAGS_value=
ac_cv_env_CPP_set=
ac_cv_env_CPP_value=
ac_cv_env_LDFLAGS_set=
ac_cv_env_LDFLAGS_value=
ac_cv_env_LIBS_set=
ac_cv_env_LIBS_value=
ac_cv_env_build_alias_set=
ac_cv_env_build_alias_value=
ac_cv_env_host_alias_set=
ac_cv_env_host_alias_value=
ac_cv_env_target_alias_set=
ac_cv_env_target_alias_value=
ac_cv_func_gettimeofday=yes
ac_cv_func_sigaction=yes
ac_cv_func_syslog=yes
ac_cv_have_decl_TFD_NONBLOCK=yes
ac_cv_header_dlfcn_h=yes
ac_cv_header_inttypes_h=yes
ac_cv_header_libudev_h=yes
ac_cv_header_memory_h=yes
ac_cv_header_poll_h=yes
ac_cv_header_signal_h=yes
ac_cv_header_stdc=yes
ac_cv_header_stdint_h=yes
ac_cv_header_stdlib_h=yes
ac_cv_header_string_h=yes
ac_cv_header_strings_h=yes
ac_cv_header_sys_stat_h=yes
ac_cv_header_sys_time_h=yes
ac_cv_header_sys_timerfd_h=yes
ac_cv_header_sys_types_h=yes
ac_cv_header_syslog_h=yes
ac_cv_header_unistd_h=yes
ac_cv_host=x86_64-unknown-linux-gnu
ac_cv_lib_udev_udev_new=yes
ac_cv_objext=o
ac_cv_path_EGREP='/bin/grep -E'
ac_cv_path_FGREP='/bin/grep -F'
ac_cv_path_GREP=/bin/grep
ac_cv_path_SED=/bin/sed
ac_cv_path_install='/usr/bin/install -c'
ac_cv_path_mkdir=/bin/mkdir
ac_cv_prog_AWK=gawk
ac_cv_prog_CPP='gcc -E'
ac_cv_prog_ac_ct_AR=ar
ac_cv_prog_ac_ct_CC=gcc
ac_cv_prog_ac_ct_MANIFEST_TOOL=mt
ac_cv_prog_ac_ct_OBJDUMP=objdump
ac_cv_prog_ac_ct_RANLIB=ranlib
ac_cv_prog_ac_ct_STRIP=strip
ac_cv_prog_cc_c89=
ac_cv_prog_cc_g=yes
ac_cv_prog_cc_gcc_c_o=yes
ac_cv_prog_make_make_set=yes
ac_cv_search_clock_gettime='none required'
ac_cv_type_struct_timespec=yes
am_cv_CC_dependencies_compiler_type=gcc3
am_cv_make_support_nested_variables=yes
lt_cv_ar_at_file=@
lt_cv_archive_cmds_need_lc=no
lt_cv_deplibs_check_method=pass_all
lt_cv_file_magic_cmd='$MAGIC_CMD'
lt_cv_file_magic_test_file=
lt_cv_ld_reload_flag=-r
lt_cv_nm_interface='BSD nm'
lt_cv_objdir=.libs
lt_cv_path_LD=/usr/bin/ld
lt_cv_path_NM='/usr/bin/nm -B'
lt_cv_path_mainfest_tool=no
lt_cv_prog_compiler_c_o=yes
lt_cv_prog_compiler_c_o_RC=yes
lt_cv_prog_compiler_pic='-fPIC -DPIC'
lt_cv_prog_compiler_pic_works=yes
lt_cv_prog_compiler_rtti_exceptions=no
lt_cv_prog_compiler_static_works=yes
lt_cv_prog_gnu_ld=yes
lt_cv_sharedlib_from_linklib_cmd='printf %s\n'
lt_cv_shlibpath_overrides_runpath=no
lt_cv_sys_global_symbol_pipe='sed -n -e '\''s/^.*[	 ]\([ABCDGIRSTW][ABCDGIRSTW]*\)[	 ][	 ]*\([_A-Za-z][_A-Za-z0-9]*\)$/\1 \2 \2/p'\'' | sed '\''/ __gnu_lto/d'\'''
lt_cv_sys_global_symbol_to_c_name_address='sed -n -e '\''s/^: \([^ ]*\)[ ]*$/  {\"\1\", (void *) 0},/p'\'' -e '\''s/^[ABCDGIRSTW]* \([^ ]*\) \([^ ]*\)$/  {"\2", (void *) \&\2},/p'\'''
lt_cv_sys_global_symbol_to_c_name_address_lib_prefix='sed -n -e '\''s/^: \([^ ]*\)[ ]*$/  {\"\1\", (void *) 0},/p'\'' -e '\''s/^[ABCDGIRSTW]* \([^ ]*\) \(lib[^ ]*\)$/  {"\2", (void *) \&\2},/p'\'' -e '\''s/^[ABCDGIRSTW]* \([^ ]*\) \([^ ]*\)$/  {"lib\2", (void *) \&\2},/p'\'''
lt_cv_sys_global_symbol_to_cdecl='sed -n -e '\''s/^T .* \(.*\)$/extern int \1();/p'\'' -e '\''s/^[ABCDGIRSTW]* .* \(.*\)$/extern char \1;/p'\'''
lt_cv_sys_max_cmd_len=1572864
lt_cv_to_host_file_cmd=func_convert_file_noop
lt_cv_to_tool_file_cmd=func_convert_file_noop

## ----------------- ##
## Output variables. ##
## ----------------- ##

ACLOCAL='${SHELL} /home/paul/sailbot/code/obstacle_avoidance/lib/rpusbdisp/usermode-sdk/deps/libusbx-1.0.17/missing aclocal-1.13'
AMDEPBACKSLASH='\'
AMDEP_FALSE='#'
AMDEP_TRUE=''
AMTAR='$${TAR-tar}'
AM_BACKSLASH='\'
AM_CFLAGS=' -std=gnu99 -Wall -Wundef -Wunused -Wstrict-prototypes -Werror-implicit-function-declaration -Wno-pointer-sign -Wshadow -pthread -fvisibility=hidden'
AM_DEFAULT_V='$(AM_DEFAULT_VERBOSITY)'
AM_DEFAULT_VERBOSITY='0'
AM_V='$(V)'
AR='ar'
AUTOCONF='${SHELL} /home/paul/sailbot/code/obstacle_avoidance/lib/rpusbdisp/usermode-sdk/deps/libusbx-1.0.17/missing autoconf'
AUTOHEADER='${SHELL} /home/paul/sailbot/code/obstacle_avoidance/lib/rpusbdisp/usermode-sdk/deps/libusbx-1.0.17/missing autoheader'
AUTOMAKE='${SHELL} /home/paul/sailbot/code/obstacle_avoidance/lib/rpusbdisp/usermode-sdk/deps/libusbx-1.0.17/missing automake-1.13'
AWK='gawk'
BUILD_EXAMPLES_FALSE=''
BUILD_EXAMPLES_TRUE='#'
BUILD_TESTS_FALSE=''
BUILD_TESTS_TRUE='#'
CC='gcc'
CCDEPMODE='depmode=gcc3'
CFLAGS='-g -O2'
CPP='gcc -E'
CPPFLAGS=''
CREATE_IMPORT_LIB_FALSE=''
CREATE_IMPORT_LIB_TRUE='#'
CYGPATH_W='echo'
DEFS='-DHAVE_CONFIG_H'
DEPDIR='.deps'
DLLTOOL='false'
DSYMUTIL=''
DUMPBIN=''
ECHO_C=''
ECHO_N='-n'
ECHO_T=''
EGREP='/bin/grep -E'
EXEEXT=''
FGREP='/bin/grep -F'
GREP='/bin/grep'
HAVE_SIGACTION_FALSE='#'
HAVE_SIGACTION_TRUE=''
INSTALL_DATA='${INSTALL} -m 644'
INSTALL_PROGRAM='${INSTALL}'
INSTALL_SCRIPT='${INSTALL}'
INSTALL_STRIP_PROGRAM='$(install_sh) -c -s'
LD='/usr/bin/ld -m elf_x86_64'
LDFLAGS=''
LIBOBJS=''
LIBS='-ludev  -pthread'
LIBTOOL='$(SHELL) $(top_builddir)/libtool'
LIPO=''
LN_S='ln -s'
LTLDFLAGS='-version-info 1:0:1 -no-undefined'
LTLIBOBJS=''
MAINT='#'
MAINTAINER_MODE_FALSE=''
MAINTAINER_MODE_TRUE='#'
MAKEINFO='${SHELL} /home/paul/sailbot/code/obstacle_avoidance/lib/rpusbdisp/usermode-sdk/deps/libusbx-1.0.17/missing makeinfo'
MANIFEST_TOOL=':'
MKDIR_P='/bin/mkdir -p'
NM='/usr/bin/nm -B'
NMEDIT=''
OBJDUMP='objdump'
OBJEXT='o'
OS_DARWIN=''
OS_DARWIN_FALSE=''
OS_DARWIN_TRUE='#'
OS_LINUX=''
OS_LINUX_FALSE='#'
OS_LINUX_TRUE=''
OS_NETBSD=''
OS_NETBSD_FALSE=''
OS_NETBSD_TRUE='#'
OS_OPENBSD=''
OS_OPENBSD_FALSE=''
OS_OPENBSD_TRUE='#'
OS_WINDOWS=''
OS_WINDOWS_FALSE=''
OS_WINDOWS_TRUE='#'
OTOOL64=''
OTOOL=''
PACKAGE='libusbx'
PACKAGE_BUGREPORT='libusbx-devel@lists.sourceforge.net'
PACKAGE_NAME='libusbx'
PACKAGE_STRING='libusbx 1.0.17'
PACKAGE_TARNAME='libusbx'
PACKAGE_URL='http://libusbx.org'
PACKAGE_VERSION='1.0.17'
PATH_SEPARATOR=':'
RANLIB='ranlib'
RC=''
SED='/bin/sed'
SET_MAKE=''
SHELL='/bin/bash'
STRIP='strip'
THREADS_POSIX_FALSE='#'
THREADS_POSIX_TRUE=''
USE_UDEV=''
USE_UDEV_FALSE='#'
USE_UDEV_TRUE=''
VERSION='1.0.17'
ac_ct_AR='ar'
ac_ct_CC='gcc'
ac_ct_DUMPBIN=''
am__EXEEXT_FALSE=''
am__EXEEXT_TRUE='#'
am__fastdepCC_FALSE='#'
am__fastdepCC_TRUE=''
am__include='include'
am__isrc=''
am__leading_dot='.'
am__nodep='_no'
am__quote=''
am__tar='$${TAR-tar} chof - "$$tardir"'
am__untar='$${TAR-tar} xf -'
bindir='${exec_prefix}/bin'
build='x86_64-unknown-linux-gnu'
build_alias=''
build_cpu='x86_64'
build_os='linux-gnu'
build_vendor='unknown'
datadir='${datarootdir}'
datarootdir='${prefix}/share'
docdir='${datarootdir}/doc/${PACKAGE_TARNAME}'
dvidir='${docdir}'
exec_prefix='${prefix}'
host='x86_64-unknown-linux-gnu'
host_alias=''
host_cpu='x86_64'
host_os='linux-gnu'
host_vendor='unknown'
htmldir='${docdir}'
includedir='${prefix}/include'
infodir='${datarootdir}/info'
install_sh='${SHELL} /home/paul/sailbot/code/obstacle_avoidance/lib/rpusbdisp/usermode-sdk/deps/libusbx-1.0.17/install-sh'
libdir='${exec_prefix}/lib'
libexecdir='${exec_prefix}/libexec'
localedir='${datarootdir}/locale'
localstatedir='${prefix}/var'
mandir='${datarootdir}/man'
mkdir_p='$(MKDIR_P)'
oldincludedir='/usr/include'
pdfdir='${docdir}'
prefix='/usr/local'
program_transform_name='s,x,x,'
psdir='${docdir}'
sbindir='${exec_prefix}/sbin'
sharedstatedir='${prefix}/com'
sysconfdir='${prefix}/etc'
target_alias=''

## ----------- ##
## confdefs.h. ##
## ----------- ##

/* confdefs.h */
#define PACKAGE_NAME "libusbx"
#define PACKAGE_TARNAME "libusbx"
#define PACKAGE_VERSION "1.0.17"
#define PACKAGE_STRING "libusbx 1.0.17"
#define PACKAGE_BUGREPORT "libusbx-devel@lists.sourceforge.net"
#define PACKAGE_URL "http://libusbx.org"
#define PACKAGE "libusbx"
#define VERSION "1.0.17"
#define STDC_HEADERS 1
#define HAVE_SYS_TYPES_H 1
#define HAVE_SYS_STAT_H 1
#define HAVE_STDLIB_H 1
#define HAVE_STRING_H 1
#define HAVE_MEMORY_H 1
#define HAVE_STRINGS_H 1
#define HAVE_INTTYPES_H 1
#define HAVE_STDINT_H 1
#define HAVE_UNISTD_H 1
#define HAVE_DLFCN_H 1
#define LT_OBJDIR ".libs/"
#define _GNU_SOURCE 1
#define OS_LINUX 1
#define HAVE_LIBUDEV_H 1
#define HAVE_LIBUDEV 1
#define USE_UDEV 1
#define HAVE_POLL_H 1
#define POLL_NFDS_TYPE nfds_t
#define THREADS_POSIX 1
#define USBI_TIMERFD_AVAILABLE 1
#define HAVE_STRUCT_TIMESPEC 1
#define ENABLE_LOGGING 1
#define HAVE_SYSLOG_H 1
#define HAVE_SYSLOG_FUNC 1
#define DEFAULT_VISIBILITY __attribute__((visibility("default")))
#define HAVE_SYS_TIME_H 1
#define HAVE_GETTIMEOFDAY 1
#define HAVE_SIGNAL_H 1

configure: exit 0

## ---------------------- ##
## Running config.status. ##
## ---------------------- ##

This file was extended by libusbx config.status 1.0.17, which was
generated by GNU Autoconf 2.69.  Invocation command line was

  CONFIG_FILES    = 
  CONFIG_HEADERS  = 
  CONFIG_LINKS    = 
  CONFIG_COMMANDS = 
  $ ./config.status config.h

on QUASAR

config.status:1182: creating config.h
config.status:1363: config.h is unchanged

## ---------------------- ##
## Running config.status. ##
## ---------------------- ##

This file was extended by libusbx config.status 1.0.17, which was
generated by GNU Autoconf 2.69.  Invocation command line was

  CONFIG_FILES    = 
  CONFIG_HEADERS  = 
  CONFIG_LINKS    = 
  CONFIG_COMMANDS = 
  $ ./config.status config.h

on QUASAR

config.status:1182: creating config.h
config.status:1363: config.h is unchanged
